<?xml version="1.0" encoding="UTF-8"?>
<testng-results skipped="0" failed="0" ignored="0" total="1" passed="1">
  <reporter-output>
  </reporter-output>
  <suite name="Default suite" duration-ms="7475" started-at="2020-08-03T03:49:41Z" finished-at="2020-08-03T03:49:49Z">
    <groups>
    </groups>
    <test name="Default test" duration-ms="7475" started-at="2020-08-03T03:49:41Z" finished-at="2020-08-03T03:49:49Z">
      <class name="tests.Test_A">
        <test-method status="PASS" signature="setUp()[pri:0, instance:tests.Test_A@617faa95]" name="setUp" is-config="true" duration-ms="956" started-at="2020-08-03T09:19:40Z" finished-at="2020-08-03T09:19:41Z">
          <reporter-output>
          </reporter-output>
        </test-method> <!-- setUp -->
        <test-method status="PASS" signature="beforeClass()[pri:0, instance:tests.Test_A@617faa95]" name="beforeClass" is-config="true" duration-ms="0" started-at="2020-08-03T09:19:41Z" finished-at="2020-08-03T09:19:41Z">
          <reporter-output>
          </reporter-output>
        </test-method> <!-- beforeClass -->
        <test-method status="PASS" signature="beforeMethod(java.lang.reflect.Method)[pri:0, instance:tests.Test_A@617faa95]" name="beforeMethod" is-config="true" duration-ms="4787" started-at="2020-08-03T09:19:41Z" finished-at="2020-08-03T09:19:46Z">
          <params>
            <param index="0">
              <value>
                <![CDATA[public void tests.Test_A.test()]]>
              </value>
            </param>
          </params>
          <reporter-output>
          </reporter-output>
        </test-method> <!-- beforeMethod -->
        <test-method status="PASS" signature="test()[pri:0, instance:tests.Test_A@617faa95]" name="test" duration-ms="2379" started-at="2020-08-03T09:19:46Z" finished-at="2020-08-03T09:19:49Z">
          <reporter-output>
          </reporter-output>
        </test-method> <!-- test -->
        <test-method status="PASS" signature="afterMethod(org.testng.ITestResult)[pri:0, instance:tests.Test_A@617faa95]" name="afterMethod" is-config="true" duration-ms="281" started-at="2020-08-03T09:19:49Z" finished-at="2020-08-03T09:19:49Z">
          <params>
            <param index="0">
              <value>
                <![CDATA[[TestResult name=test status=SUCCESS method=Test_A.test()[pri:0, instance:tests.Test_A@617faa95] output={null}]]]>
              </value>
            </param>
          </params>
          <reporter-output>
          </reporter-output>
        </test-method> <!-- afterMethod -->
      </class> <!-- tests.Test_A -->
    </test> <!-- Default test -->
  </suite> <!-- Default suite -->
</testng-results>
